<?xml version="1.0" encoding="UTF-8"?>
<!-- Generated by org.testng.reporters.JUnitReportReporter -->
<testsuite hostname="DESKTOP-DS3FD4L" failures="0" tests="1" name="BrowserClass" time="7.960" errors="0" timestamp="2023-09-22T03:10:48 IST" skipped="0">
  <testcase classname="BrowserClass" name="launchBrowser" time="7.960"/>
</testsuite> <!-- BrowserClass -->
